TN:
SF:src/colecciones/coleccionGrupos.ts
FN:26,(anonymous_0)
FN:34,(anonymous_1)
FN:46,(anonymous_2)
FN:54,(anonymous_3)
FN:63,(anonymous_4)
FN:76,(anonymous_5)
FN:85,(anonymous_6)
FN:87,(anonymous_7)
FN:99,(anonymous_8)
FN:100,(anonymous_9)
FN:109,(anonymous_10)
FN:110,(anonymous_11)
FN:120,(anonymous_12)
FN:121,(anonymous_13)
FN:131,(anonymous_14)
FN:133,(anonymous_15)
FN:134,(anonymous_16)
FN:135,(anonymous_17)
FN:145,(anonymous_18)
FN:147,(anonymous_19)
FN:148,(anonymous_20)
FN:149,(anonymous_21)
FN:159,(anonymous_22)
FN:161,(anonymous_23)
FN:162,(anonymous_24)
FN:163,(anonymous_25)
FN:173,(anonymous_26)
FN:174,(anonymous_27)
FNF:28
FNH:3
FNDA:1,(anonymous_0)
FNDA:2,(anonymous_1)
FNDA:0,(anonymous_2)
FNDA:0,(anonymous_3)
FNDA:2,(anonymous_4)
FNDA:0,(anonymous_5)
FNDA:0,(anonymous_6)
FNDA:0,(anonymous_7)
FNDA:0,(anonymous_8)
FNDA:0,(anonymous_9)
FNDA:0,(anonymous_10)
FNDA:0,(anonymous_11)
FNDA:0,(anonymous_12)
FNDA:0,(anonymous_13)
FNDA:0,(anonymous_14)
FNDA:0,(anonymous_15)
FNDA:0,(anonymous_16)
FNDA:0,(anonymous_17)
FNDA:0,(anonymous_18)
FNDA:0,(anonymous_19)
FNDA:0,(anonymous_20)
FNDA:0,(anonymous_21)
FNDA:0,(anonymous_22)
FNDA:0,(anonymous_23)
FNDA:0,(anonymous_24)
FNDA:0,(anonymous_25)
FNDA:0,(anonymous_26)
FNDA:0,(anonymous_27)
DA:1,1
DA:3,1
DA:4,1
DA:10,1
DA:27,1
DA:35,2
DA:36,1
DA:39,2
DA:47,0
DA:55,0
DA:64,2
DA:65,4
DA:66,0
DA:69,2
DA:77,0
DA:86,0
DA:87,0
DA:88,0
DA:89,0
DA:90,0
DA:92,0
DA:93,0
DA:100,0
DA:101,0
DA:110,0
DA:111,0
DA:112,0
DA:121,0
DA:122,0
DA:123,0
DA:132,0
DA:133,0
DA:134,0
DA:135,0
DA:136,0
DA:137,0
DA:146,0
DA:147,0
DA:148,0
DA:149,0
DA:150,0
DA:151,0
DA:160,0
DA:161,0
DA:162,0
DA:163,0
DA:164,0
DA:165,0
DA:174,0
DA:175,0
DA:176,0
LF:51
LH:11
BRDA:35,0,0,1
BRDA:35,0,1,1
BRDA:65,1,0,0
BRDA:65,1,1,4
BRDA:89,2,0,0
BRDA:89,2,1,0
BRDA:111,3,0,0
BRDA:111,3,1,0
BRDA:122,4,0,0
BRDA:122,4,1,0
BRDA:136,5,0,0
BRDA:136,5,1,0
BRDA:150,6,0,0
BRDA:150,6,1,0
BRDA:164,7,0,0
BRDA:164,7,1,0
BRDA:175,8,0,0
BRDA:175,8,1,0
BRF:18
BRH:3
end_of_record
TN:
SF:src/colecciones/coleccionRetos.ts
FN:26,(anonymous_0)
FN:34,(anonymous_1)
FN:45,(anonymous_2)
FN:53,(anonymous_3)
FN:62,(anonymous_4)
FN:75,(anonymous_5)
FN:84,(anonymous_6)
FN:87,(anonymous_7)
FN:104,(anonymous_8)
FN:105,(anonymous_9)
FN:114,(anonymous_10)
FN:115,(anonymous_11)
FN:125,(anonymous_12)
FN:126,(anonymous_13)
FN:136,(anonymous_14)
FN:137,(anonymous_15)
FN:147,(anonymous_16)
FN:148,(anonymous_17)
FNF:18
FNH:0
FNDA:0,(anonymous_0)
FNDA:0,(anonymous_1)
FNDA:0,(anonymous_2)
FNDA:0,(anonymous_3)
FNDA:0,(anonymous_4)
FNDA:0,(anonymous_5)
FNDA:0,(anonymous_6)
FNDA:0,(anonymous_7)
FNDA:0,(anonymous_8)
FNDA:0,(anonymous_9)
FNDA:0,(anonymous_10)
FNDA:0,(anonymous_11)
FNDA:0,(anonymous_12)
FNDA:0,(anonymous_13)
FNDA:0,(anonymous_14)
FNDA:0,(anonymous_15)
FNDA:0,(anonymous_16)
FNDA:0,(anonymous_17)
DA:2,1
DA:3,1
DA:4,1
DA:10,1
DA:27,0
DA:35,0
DA:36,0
DA:38,0
DA:46,0
DA:54,0
DA:63,0
DA:64,0
DA:65,0
DA:68,0
DA:76,0
DA:85,0
DA:86,0
DA:87,0
DA:88,0
DA:89,0
DA:90,0
DA:92,0
DA:93,0
DA:94,0
DA:97,0
DA:98,0
DA:105,0
DA:106,0
DA:115,0
DA:116,0
DA:117,0
DA:126,0
DA:127,0
DA:128,0
DA:137,0
DA:138,0
DA:139,0
DA:148,0
DA:149,0
DA:150,0
LF:40
LH:4
BRDA:35,0,0,0
BRDA:35,0,1,0
BRDA:64,1,0,0
BRDA:64,1,1,0
BRDA:89,2,0,0
BRDA:89,2,1,0
BRDA:92,3,0,0
BRDA:92,3,1,0
BRDA:116,4,0,0
BRDA:116,4,1,0
BRDA:127,5,0,0
BRDA:127,5,1,0
BRDA:138,6,0,0
BRDA:138,6,1,0
BRDA:149,7,0,0
BRDA:149,7,1,0
BRF:16
BRH:0
end_of_record
TN:
SF:src/colecciones/coleccionRutas.ts
FN:25,(anonymous_0)
FN:33,(anonymous_1)
FN:44,(anonymous_2)
FN:52,(anonymous_3)
FN:61,(anonymous_4)
FN:74,(anonymous_5)
FN:83,(anonymous_6)
FN:85,(anonymous_7)
FN:97,(anonymous_8)
FN:98,(anonymous_9)
FN:107,(anonymous_10)
FN:108,(anonymous_11)
FN:118,(anonymous_12)
FN:119,(anonymous_13)
FN:129,(anonymous_14)
FN:130,(anonymous_15)
FN:140,(anonymous_16)
FN:141,(anonymous_17)
FN:151,(anonymous_18)
FN:152,(anonymous_19)
FN:153,(anonymous_20)
FN:154,(anonymous_21)
FN:155,(anonymous_22)
FN:167,(anonymous_23)
FN:168,(anonymous_24)
FNF:25
FNH:3
FNDA:1,(anonymous_0)
FNDA:3,(anonymous_1)
FNDA:0,(anonymous_2)
FNDA:0,(anonymous_3)
FNDA:3,(anonymous_4)
FNDA:0,(anonymous_5)
FNDA:0,(anonymous_6)
FNDA:0,(anonymous_7)
FNDA:0,(anonymous_8)
FNDA:0,(anonymous_9)
FNDA:0,(anonymous_10)
FNDA:0,(anonymous_11)
FNDA:0,(anonymous_12)
FNDA:0,(anonymous_13)
FNDA:0,(anonymous_14)
FNDA:0,(anonymous_15)
FNDA:0,(anonymous_16)
FNDA:0,(anonymous_17)
FNDA:0,(anonymous_18)
FNDA:0,(anonymous_19)
FNDA:0,(anonymous_20)
FNDA:0,(anonymous_21)
FNDA:0,(anonymous_22)
FNDA:0,(anonymous_23)
FNDA:0,(anonymous_24)
DA:2,1
DA:3,1
DA:4,1
DA:10,1
DA:26,1
DA:34,3
DA:35,1
DA:37,3
DA:45,0
DA:53,0
DA:62,3
DA:63,18
DA:64,0
DA:67,3
DA:75,0
DA:84,0
DA:85,0
DA:86,0
DA:87,0
DA:88,0
DA:90,0
DA:91,0
DA:98,0
DA:99,0
DA:108,0
DA:109,0
DA:110,0
DA:119,0
DA:120,0
DA:121,0
DA:130,0
DA:131,0
DA:132,0
DA:141,0
DA:142,0
DA:143,0
DA:152,0
DA:153,0
DA:154,0
DA:155,0
DA:156,0
DA:157,0
DA:159,0
DA:168,0
DA:169,0
DA:170,0
LF:46
LH:11
BRDA:34,0,0,1
BRDA:34,0,1,2
BRDA:63,1,0,0
BRDA:63,1,1,18
BRDA:87,2,0,0
BRDA:87,2,1,0
BRDA:109,3,0,0
BRDA:109,3,1,0
BRDA:120,4,0,0
BRDA:120,4,1,0
BRDA:131,5,0,0
BRDA:131,5,1,0
BRDA:142,6,0,0
BRDA:142,6,1,0
BRDA:156,7,0,0
BRDA:156,7,1,0
BRDA:169,8,0,0
BRDA:169,8,1,0
BRF:18
BRH:3
end_of_record
TN:
SF:src/colecciones/coleccionUsuarios.ts
FN:26,(anonymous_0)
FN:34,(anonymous_1)
FN:45,(anonymous_2)
FN:53,(anonymous_3)
FN:62,(anonymous_4)
FN:76,(anonymous_5)
FN:89,(anonymous_6)
FN:98,(anonymous_7)
FN:100,(anonymous_8)
FN:111,(anonymous_9)
FN:112,(anonymous_10)
FN:121,(anonymous_11)
FN:122,(anonymous_12)
FN:132,(anonymous_13)
FN:133,(anonymous_14)
FN:143,(anonymous_15)
FN:144,(anonymous_16)
FN:154,(anonymous_17)
FN:155,(anonymous_18)
FN:165,(anonymous_19)
FN:166,(anonymous_20)
FN:177,(anonymous_21)
FN:178,(anonymous_22)
FN:179,(anonymous_23)
FNF:24
FNH:4
FNDA:1,(anonymous_0)
FNDA:14,(anonymous_1)
FNDA:0,(anonymous_2)
FNDA:0,(anonymous_3)
FNDA:5,(anonymous_4)
FNDA:114,(anonymous_5)
FNDA:0,(anonymous_6)
FNDA:0,(anonymous_7)
FNDA:0,(anonymous_8)
FNDA:0,(anonymous_9)
FNDA:0,(anonymous_10)
FNDA:0,(anonymous_11)
FNDA:0,(anonymous_12)
FNDA:0,(anonymous_13)
FNDA:0,(anonymous_14)
FNDA:0,(anonymous_15)
FNDA:0,(anonymous_16)
FNDA:0,(anonymous_17)
FNDA:0,(anonymous_18)
FNDA:0,(anonymous_19)
FNDA:0,(anonymous_20)
FNDA:0,(anonymous_21)
FNDA:0,(anonymous_22)
FNDA:0,(anonymous_23)
DA:3,1
DA:4,1
DA:10,1
DA:27,1
DA:35,14
DA:36,1
DA:38,14
DA:46,0
DA:54,0
DA:63,5
DA:64,46
DA:65,1
DA:68,4
DA:77,114
DA:78,786
DA:79,72
DA:82,42
DA:90,0
DA:99,0
DA:100,0
DA:101,0
DA:102,0
DA:103,0
DA:105,0
DA:112,0
DA:113,0
DA:122,0
DA:123,0
DA:124,0
DA:133,0
DA:134,0
DA:135,0
DA:144,0
DA:145,0
DA:146,0
DA:155,0
DA:156,0
DA:157,0
DA:166,0
DA:167,0
DA:168,0
DA:178,0
DA:179,0
DA:180,0
LF:44
LH:15
BRDA:35,0,0,1
BRDA:35,0,1,13
BRDA:64,1,0,1
BRDA:64,1,1,45
BRDA:78,2,0,72
BRDA:78,2,1,714
BRDA:102,3,0,0
BRDA:102,3,1,0
BRDA:123,4,0,0
BRDA:123,4,1,0
BRDA:134,5,0,0
BRDA:134,5,1,0
BRDA:145,6,0,0
BRDA:145,6,1,0
BRDA:156,7,0,0
BRDA:156,7,1,0
BRDA:167,8,0,0
BRDA:167,8,1,0
BRF:18
BRH:6
end_of_record
TN:
SF:src/entidades/grupo.ts
FN:51,(anonymous_0)
FN:61,(anonymous_1)
FN:66,(anonymous_2)
FN:71,(anonymous_3)
FN:76,(anonymous_4)
FN:81,(anonymous_5)
FN:86,(anonymous_6)
FN:91,(anonymous_7)
FN:101,(anonymous_8)
FN:122,(anonymous_9)
FN:131,(anonymous_10)
FN:133,(anonymous_11)
FN:142,(anonymous_12)
FN:152,(anonymous_13)
FN:161,(anonymous_14)
FN:172,(anonymous_15)
FN:173,(anonymous_16)
FN:180,(anonymous_17)
FN:182,(anonymous_18)
FN:183,(anonymous_19)
FN:184,(anonymous_20)
FN:185,(anonymous_21)
FN:186,(anonymous_22)
FN:187,(anonymous_23)
FN:195,(anonymous_24)
FNF:25
FNH:23
FNDA:5,(anonymous_0)
FNDA:9,(anonymous_1)
FNDA:2,(anonymous_2)
FNDA:2,(anonymous_3)
FNDA:61,(anonymous_4)
FNDA:10,(anonymous_5)
FNDA:3,(anonymous_6)
FNDA:3,(anonymous_7)
FNDA:3,(anonymous_8)
FNDA:6,(anonymous_9)
FNDA:1,(anonymous_10)
FNDA:0,(anonymous_11)
FNDA:1,(anonymous_12)
FNDA:2,(anonymous_13)
FNDA:1,(anonymous_14)
FNDA:0,(anonymous_15)
FNDA:1,(anonymous_16)
FNDA:9,(anonymous_17)
FNDA:19,(anonymous_18)
FNDA:19,(anonymous_19)
FNDA:19,(anonymous_20)
FNDA:19,(anonymous_21)
FNDA:19,(anonymous_22)
FNDA:19,(anonymous_23)
FNDA:1,(anonymous_24)
DA:1,1
DA:9,1
DA:14,1
DA:24,5
DA:29,5
DA:34,5
DA:44,5
DA:51,5
DA:52,5
DA:53,5
DA:54,5
DA:55,5
DA:61,9
DA:66,2
DA:71,2
DA:76,61
DA:81,10
DA:86,3
DA:91,3
DA:102,3
DA:103,3
DA:104,3
DA:105,3
DA:106,3
DA:107,1
DA:108,1
DA:109,1
DA:110,0
DA:112,1
DA:123,6
DA:124,6
DA:132,1
DA:133,1
DA:135,1
DA:143,1
DA:144,1
DA:145,1
DA:146,1
DA:147,0
DA:149,1
DA:150,1
DA:152,1
DA:153,2
DA:162,1
DA:163,1
DA:164,1
DA:165,1
DA:166,0
DA:168,1
DA:171,1
DA:172,1
DA:173,1
DA:174,1
DA:181,9
DA:182,19
DA:183,19
DA:184,19
DA:185,19
DA:186,19
DA:187,19
DA:188,9
DA:196,1
DA:197,1
DA:198,1
DA:199,1
DA:200,1
DA:201,1
LF:67
LH:64
BRDA:109,0,0,0
BRDA:109,0,1,1
BRDA:133,1,0,0
BRDA:133,1,1,0
BRDA:134,2,0,0
BRDA:134,2,1,0
BRDA:146,3,0,0
BRDA:146,3,1,1
BRDA:165,4,0,0
BRDA:165,4,1,1
BRF:10
BRH:3
end_of_record
TN:
SF:src/entidades/reto.ts
FN:36,(anonymous_0)
FN:39,(anonymous_1)
FN:46,(anonymous_2)
FN:51,(anonymous_3)
FN:56,(anonymous_4)
FN:61,(anonymous_5)
FN:66,(anonymous_6)
FN:71,(anonymous_7)
FN:78,(anonymous_8)
FN:87,(anonymous_9)
FN:96,(anonymous_10)
FN:97,(anonymous_11)
FN:105,(anonymous_12)
FNF:13
FNH:13
FNDA:1,(anonymous_0)
FNDA:1,(anonymous_1)
FNDA:3,(anonymous_2)
FNDA:3,(anonymous_3)
FNDA:4,(anonymous_4)
FNDA:7,(anonymous_5)
FNDA:3,(anonymous_6)
FNDA:3,(anonymous_7)
FNDA:1,(anonymous_8)
FNDA:2,(anonymous_9)
FNDA:1,(anonymous_10)
FNDA:2,(anonymous_11)
FNDA:2,(anonymous_12)
DA:3,1
DA:8,1
DA:13,1
DA:28,1
DA:36,1
DA:37,1
DA:38,1
DA:39,1
DA:46,3
DA:51,3
DA:56,4
DA:61,7
DA:66,3
DA:71,3
DA:79,1
DA:80,1
DA:88,2
DA:89,2
DA:97,2
DA:98,1
DA:106,2
DA:107,2
DA:108,2
DA:109,2
DA:110,2
DA:111,2
LF:26
LH:26
BRF:0
BRH:0
end_of_record
TN:
SF:src/entidades/ruta.ts
FN:44,(anonymous_0)
FN:53,(anonymous_1)
FN:58,(anonymous_2)
FN:63,(anonymous_3)
FN:68,(anonymous_4)
FN:73,(anonymous_5)
FN:78,(anonymous_6)
FN:83,(anonymous_7)
FN:88,(anonymous_8)
FN:93,(anonymous_9)
FN:98,(anonymous_10)
FN:106,(anonymous_11)
FN:117,(anonymous_12)
FN:120,(anonymous_13)
FN:131,(anonymous_14)
FN:139,(anonymous_15)
FN:140,(anonymous_16)
FN:147,(anonymous_17)
FNF:18
FNH:18
FNDA:11,(anonymous_0)
FNDA:37,(anonymous_1)
FNDA:4,(anonymous_2)
FNDA:2,(anonymous_3)
FNDA:2,(anonymous_4)
FNDA:2,(anonymous_5)
FNDA:9,(anonymous_6)
FNDA:8,(anonymous_7)
FNDA:2,(anonymous_8)
FNDA:5,(anonymous_9)
FNDA:2,(anonymous_10)
FNDA:7,(anonymous_11)
FNDA:2,(anonymous_12)
FNDA:1,(anonymous_13)
FNDA:7,(anonymous_14)
FNDA:1,(anonymous_15)
FNDA:2,(anonymous_16)
FNDA:1,(anonymous_17)
DA:8,1
DA:13,1
DA:23,11
DA:28,11
DA:33,11
DA:44,11
DA:45,11
DA:46,11
DA:47,11
DA:53,37
DA:58,4
DA:63,2
DA:68,2
DA:73,2
DA:78,9
DA:83,8
DA:88,2
DA:93,5
DA:98,2
DA:107,7
DA:108,7
DA:109,7
DA:118,2
DA:119,1
DA:120,1
DA:121,1
DA:123,1
DA:132,7
DA:140,2
DA:148,1
DA:149,1
DA:150,1
DA:151,1
DA:152,1
DA:153,1
DA:154,1
LF:36
LH:36
BRDA:118,0,0,1
BRDA:118,0,1,1
BRDA:118,1,0,2
BRDA:118,1,1,1
BRF:4
BRH:4
end_of_record
TN:
SF:src/entidades/usuario.ts
FN:59,(anonymous_0)
FN:68,(anonymous_1)
FN:73,(anonymous_2)
FN:78,(anonymous_3)
FN:83,(anonymous_4)
FN:88,(anonymous_5)
FN:93,(anonymous_6)
FN:98,(anonymous_7)
FN:103,(anonymous_8)
FN:116,(anonymous_9)
FN:118,(anonymous_10)
FN:140,(anonymous_11)
FN:149,(anonymous_12)
FN:162,(anonymous_13)
FN:173,(anonymous_14)
FN:191,(anonymous_15)
FN:201,(anonymous_16)
FN:202,(anonymous_17)
FN:211,(anonymous_18)
FN:221,(anonymous_19)
FN:222,(anonymous_20)
FN:231,(anonymous_21)
FN:242,(anonymous_22)
FN:243,(anonymous_23)
FN:251,(anonymous_24)
FN:262,(anonymous_25)
FN:263,(anonymous_26)
FN:271,(anonymous_27)
FN:273,(anonymous_28)
FN:274,(anonymous_29)
FN:288,(anonymous_30)
FNF:31
FNH:31
FNDA:16,(anonymous_0)
FNDA:858,(anonymous_1)
FNDA:3,(anonymous_2)
FNDA:3,(anonymous_3)
FNDA:7,(anonymous_4)
FNDA:5,(anonymous_5)
FNDA:112,(anonymous_6)
FNDA:7,(anonymous_7)
FNDA:42,(anonymous_8)
FNDA:11,(anonymous_9)
FNDA:12,(anonymous_10)
FNDA:1,(anonymous_11)
FNDA:5,(anonymous_12)
FNDA:1,(anonymous_13)
FNDA:6,(anonymous_14)
FNDA:1,(anonymous_15)
FNDA:1,(anonymous_16)
FNDA:1,(anonymous_17)
FNDA:2,(anonymous_18)
FNDA:1,(anonymous_19)
FNDA:2,(anonymous_20)
FNDA:1,(anonymous_21)
FNDA:1,(anonymous_22)
FNDA:1,(anonymous_23)
FNDA:1,(anonymous_24)
FNDA:1,(anonymous_25)
FNDA:2,(anonymous_26)
FNDA:1,(anonymous_27)
FNDA:1,(anonymous_28)
FNDA:3,(anonymous_29)
FNDA:2,(anonymous_30)
DA:4,1
DA:5,1
DA:10,1
DA:15,1
DA:30,16
DA:36,16
DA:41,16
DA:46,16
DA:51,16
DA:59,16
DA:60,16
DA:61,16
DA:62,16
DA:68,858
DA:73,3
DA:78,3
DA:83,7
DA:88,5
DA:93,112
DA:98,7
DA:103,42
DA:118,12
DA:119,11
DA:120,8
DA:121,8
DA:122,13
DA:123,5
DA:125,8
DA:129,11
DA:130,11
DA:131,11
DA:132,11
DA:141,1
DA:150,5
DA:151,5
DA:153,5
DA:154,5
DA:155,3
DA:157,2
DA:158,2
DA:160,5
DA:161,5
DA:162,5
DA:163,1
DA:165,5
DA:174,6
DA:175,6
DA:177,6
DA:178,6
DA:179,6
DA:180,6
DA:181,6
DA:182,6
DA:183,6
DA:192,1
DA:193,1
DA:202,1
DA:203,1
DA:212,2
DA:213,2
DA:222,2
DA:223,1
DA:232,1
DA:233,1
DA:234,1
DA:243,1
DA:244,1
DA:252,1
DA:253,1
DA:254,1
DA:255,3
DA:256,1
DA:258,2
DA:261,1
DA:262,1
DA:263,2
DA:264,1
DA:272,1
DA:273,1
DA:274,1
DA:275,3
DA:276,3
DA:277,0
DA:281,1
DA:289,2
DA:290,2
DA:291,2
DA:292,2
DA:293,2
DA:294,2
DA:295,2
DA:296,2
LF:92
LH:91
BRDA:83,0,0,7
BRDA:83,0,1,0
BRDA:88,1,0,1
BRDA:88,1,1,4
BRDA:122,2,0,5
BRDA:122,2,1,8
BRDA:130,3,0,0
BRDA:130,3,1,11
BRDA:131,4,0,0
BRDA:131,4,1,11
BRDA:154,5,0,3
BRDA:154,5,1,2
BRDA:255,6,0,1
BRDA:255,6,1,2
BRDA:276,7,0,0
BRDA:276,7,1,3
BRDA:291,8,0,2
BRDA:291,8,1,0
BRDA:292,9,0,0
BRDA:292,9,1,2
BRDA:294,10,0,2
BRDA:294,10,1,0
BRF:22
BRH:15
end_of_record
TN:
SF:src/enumerados/enumerados.ts
FN:4,(anonymous_0)
FN:12,(anonymous_1)
FN:20,(anonymous_2)
FN:31,(anonymous_3)
FN:41,(anonymous_4)
FN:52,(anonymous_5)
FN:61,(anonymous_6)
FN:70,(anonymous_7)
FNF:8
FNH:8
FNDA:1,(anonymous_0)
FNDA:1,(anonymous_1)
FNDA:1,(anonymous_2)
FNDA:1,(anonymous_3)
FNDA:1,(anonymous_4)
FNDA:1,(anonymous_5)
FNDA:1,(anonymous_6)
FNDA:1,(anonymous_7)
DA:4,1
DA:5,1
DA:6,1
DA:12,1
DA:13,1
DA:14,1
DA:20,1
DA:21,1
DA:22,1
DA:23,1
DA:24,1
DA:25,1
DA:31,1
DA:32,1
DA:33,1
DA:34,1
DA:35,1
DA:41,1
DA:42,1
DA:43,1
DA:44,1
DA:45,1
DA:46,1
DA:52,1
DA:53,1
DA:54,1
DA:55,1
DA:61,1
DA:62,1
DA:63,1
DA:64,1
DA:70,1
DA:71,1
DA:72,1
DA:73,1
DA:74,1
DA:75,1
DA:76,1
DA:77,1
DA:78,1
DA:79,1
DA:80,1
DA:81,1
DA:82,1
DA:83,1
DA:84,1
LF:46
LH:46
BRDA:4,0,0,1
BRDA:4,0,1,1
BRDA:12,1,0,1
BRDA:12,1,1,1
BRDA:20,2,0,1
BRDA:20,2,1,1
BRDA:31,3,0,1
BRDA:31,3,1,1
BRDA:41,4,0,1
BRDA:41,4,1,1
BRDA:52,5,0,1
BRDA:52,5,1,1
BRDA:61,6,0,1
BRDA:61,6,1,1
BRDA:70,7,0,1
BRDA:70,7,1,1
BRF:16
BRH:16
end_of_record
TN:
SF:src/utilidades/manejadorJSON.ts
FN:25,(anonymous_0)
FN:30,(anonymous_1)
FN:33,(anonymous_2)
FN:42,(anonymous_3)
FN:71,(anonymous_4)
FN:90,(anonymous_5)
FN:93,(anonymous_6)
FN:103,(anonymous_7)
FN:132,(anonymous_8)
FN:149,(anonymous_9)
FN:160,(anonymous_10)
FN:163,(anonymous_11)
FN:172,(anonymous_12)
FN:174,(anonymous_13)
FN:195,(anonymous_14)
FN:219,(anonymous_15)
FN:230,(anonymous_16)
FN:233,(anonymous_17)
FN:242,(anonymous_18)
FN:265,(anonymous_19)
FN:283,(anonymous_20)
FNF:21
FNH:3
FNDA:0,(anonymous_0)
FNDA:0,(anonymous_1)
FNDA:0,(anonymous_2)
FNDA:0,(anonymous_3)
FNDA:1,(anonymous_4)
FNDA:0,(anonymous_5)
FNDA:0,(anonymous_6)
FNDA:0,(anonymous_7)
FNDA:1,(anonymous_8)
FNDA:0,(anonymous_9)
FNDA:0,(anonymous_10)
FNDA:0,(anonymous_11)
FNDA:0,(anonymous_12)
FNDA:0,(anonymous_13)
FNDA:0,(anonymous_14)
FNDA:0,(anonymous_15)
FNDA:0,(anonymous_16)
FNDA:0,(anonymous_17)
FNDA:0,(anonymous_18)
FNDA:1,(anonymous_19)
FNDA:0,(anonymous_20)
DA:1,1
DA:2,1
DA:3,1
DA:4,1
DA:5,1
DA:6,1
DA:7,1
DA:8,1
DA:9,1
DA:10,1
DA:14,1
DA:20,1
DA:31,0
DA:32,0
DA:33,0
DA:34,0
DA:43,0
DA:44,0
DA:46,0
DA:47,0
DA:48,0
DA:51,0
DA:63,0
DA:64,0
DA:72,1
DA:73,1
DA:74,1
DA:76,1
DA:77,11
DA:78,11
DA:79,11
DA:81,1
DA:91,0
DA:92,0
DA:93,0
DA:94,0
DA:95,0
DA:104,0
DA:105,0
DA:107,0
DA:108,0
DA:109,0
DA:112,0
DA:123,0
DA:124,0
DA:133,1
DA:134,1
DA:135,1
DA:137,1
DA:138,2
DA:139,2
DA:140,2
DA:142,1
DA:150,0
DA:151,0
DA:161,0
DA:162,0
DA:163,0
DA:164,0
DA:173,0
DA:174,0
DA:175,0
DA:177,0
DA:186,0
DA:187,0
DA:196,0
DA:197,0
DA:198,0
DA:199,0
DA:200,0
DA:201,0
DA:202,0
DA:203,0
DA:204,0
DA:208,0
DA:209,0
DA:210,0
DA:212,0
DA:220,0
DA:221,0
DA:231,0
DA:232,0
DA:233,0
DA:234,0
DA:243,0
DA:256,0
DA:257,0
DA:266,1
DA:267,1
DA:269,1
DA:270,1
DA:271,6
DA:273,6
DA:274,6
DA:276,1
DA:284,0
DA:285,0
LF:97
LH:36
BRDA:53,0,0,0
BRDA:53,0,1,0
BRDA:59,1,0,0
BRDA:59,1,1,0
BRDA:60,2,0,0
BRDA:60,2,1,0
BRDA:203,3,0,0
BRDA:203,3,1,0
BRF:8
BRH:0
end_of_record
